[16:07:01] 已加载登录态: E:\大三下\sitp\SITP-main-1\SITP-main\weibo-collector\data\weibo_auth.json
[16:07:06] DOM主链路第1页，当前 0/200
[16:07:18] 本页 DOM 提取 10 条
[16:07:22] DOM主链路第2页，当前 10/200
[16:07:37] 本页 DOM 提取 10 条
[16:07:41] DOM主链路第3页，当前 20/200
[16:07:52] 本页 DOM 提取 9 条
[16:07:56] DOM主链路第4页，当前 29/200
[16:08:09] 本页 DOM 提取 9 条
[16:08:13] DOM主链路第5页，当前 38/200
[16:08:29] 本页 DOM 提取 10 条
[16:08:33] DOM主链路第6页，当前 48/200
[16:08:47] 本页 DOM 提取 9 条
[16:08:51] DOM主链路第7页，当前 57/200
[16:09:05] 本页 DOM 提取 9 条
[16:09:08] DOM主链路第8页，当前 66/200
[16:09:22] 本页 DOM 提取 10 条
[16:09:25] DOM主链路第9页，当前 76/200
[16:09:43] 本页 DOM 提取 10 条
[16:09:48] DOM主链路第10页，当前 86/200
[16:10:01] 本页 DOM 提取 10 条
[16:10:05] DOM主链路第11页，当前 96/200
[16:10:17] 本页 DOM 提取 10 条
[16:10:22] DOM主链路第12页，当前 106/200
[16:10:33] 本页 DOM 提取 10 条
[16:10:37] DOM主链路第13页，当前 116/200
[16:10:46] 本页 DOM 提取 9 条
[16:12:24] DOM主链路第14页，当前 125/200
[16:12:33] 本页 DOM 提取 6 条
[16:12:36] DOM主链路第15页，当前 131/200
[16:12:48] 本页 DOM 提取 7 条
[16:12:53] DOM主链路第16页，当前 138/200
[16:13:09] 本页 DOM 提取 10 条
[16:13:13] DOM主链路第17页，当前 148/200
[16:13:28] 本页 DOM 提取 9 条
[16:13:31] DOM主链路第18页，当前 157/200
[16:13:38] 本页 DOM 提取 8 条
[16:13:42] DOM主链路第19页，当前 165/200
[16:13:54] 本页 DOM 提取 10 条
[16:13:57] DOM主链路第20页，当前 175/200
[16:14:10] 本页 DOM 提取 9 条
[16:14:14] DOM主链路第21页，当前 184/200
[16:14:31] 本页 DOM 提取 10 条
[16:18:05] DOM主链路第22页，当前 194/200
[16:18:18] 本页 DOM 提取 6 条
[16:18:23] DOM主链路累计 200 条
[16:18:23] 已输出: E:\大三下\sitp\SITP-main-1\SITP-main\weibo-collector\data\raw_中超_20260506_161823.json
[16:18:23] 已输出样例: E:\大三下\sitp\SITP-main-1\SITP-main\weibo-collector\data\raw_sample.json
[16:18:23] clean_text 平均长度: 364.61
