[22:41:33] 已加载登录态: E:\大三下\sitp\SITP-main-1\SITP-main\weibo-collector\data\weibo_auth.json
[22:41:37] DOM主链路第1页，当前 0/200
[22:42:33] 本页合计新增 10 条（其中 DOM 路径约 10 条）
[22:42:35] DOM主链路第2页，当前 10/200
[22:42:41] 本页合计新增 10 条（其中 DOM 路径约 10 条）
[22:42:43] DOM主链路第3页，当前 20/200
[22:42:48] 本页合计新增 9 条（其中 DOM 路径约 9 条）
[22:42:49] DOM主链路第4页，当前 29/200
[22:42:55] 本页合计新增 9 条（其中 DOM 路径约 9 条）
[22:42:56] DOM主链路第5页，当前 38/200
[22:43:03] 本页合计新增 10 条（其中 DOM 路径约 10 条）
[22:43:05] DOM主链路第6页，当前 48/200
[22:43:10] 本页合计新增 9 条（其中 DOM 路径约 9 条）
[22:43:12] DOM主链路第7页，当前 57/200
[22:43:18] 本页合计新增 9 条（其中 DOM 路径约 9 条）
[22:43:19] DOM主链路第8页，当前 66/200
[22:43:26] 本页合计新增 10 条（其中 DOM 路径约 10 条）
[22:43:27] DOM主链路第9页，当前 76/200
[22:43:36] 本页合计新增 10 条（其中 DOM 路径约 10 条）
[22:43:37] DOM主链路第10页，当前 86/200
[22:43:42] 本页合计新增 10 条（其中 DOM 路径约 10 条）
[22:43:44] DOM主链路第11页，当前 96/200
[22:43:48] 本页合计新增 10 条（其中 DOM 路径约 10 条）
[22:43:50] DOM主链路第12页，当前 106/200
[22:43:54] 本页合计新增 10 条（其中 DOM 路径约 10 条）
[22:43:56] DOM主链路第13页，当前 116/200
[22:44:00] 本页合计新增 9 条（其中 DOM 路径约 9 条）
[22:44:01] DOM主链路第14页，当前 125/200
[22:44:04] 本页合计新增 6 条（其中 DOM 路径约 6 条）
[22:44:05] DOM主链路第15页，当前 131/200
[22:44:10] 本页合计新增 7 条（其中 DOM 路径约 7 条）
[22:44:11] DOM主链路第16页，当前 138/200
[22:44:18] 本页合计新增 10 条（其中 DOM 路径约 10 条）
[22:44:20] DOM主链路第17页，当前 148/200
[22:44:25] 本页合计新增 9 条（其中 DOM 路径约 9 条）
[22:44:26] DOM主链路第18页，当前 157/200
[22:44:28] 本页合计新增 8 条（其中 DOM 路径约 8 条）
[22:44:30] DOM主链路第19页，当前 165/200
[22:44:34] 本页合计新增 10 条（其中 DOM 路径约 10 条）
[22:44:35] DOM主链路第20页，当前 175/200
[22:44:41] 本页合计新增 9 条（其中 DOM 路径约 9 条）
[22:44:42] DOM主链路第21页，当前 184/200
[22:44:49] 本页合计新增 10 条（其中 DOM 路径约 10 条）
[22:44:52] DOM主链路第22页，当前 194/200
[22:45:12] 本页合计新增 6 条（其中 DOM 路径约 6 条）
[22:45:14] DOM主链路累计 200 条
[22:45:14] 已输出: E:\大三下\sitp\SITP-main-1\SITP-main\weibo-collector\data\raw_中超_20260506_224514.json
[22:45:14] 已输出样例: E:\大三下\sitp\SITP-main-1\SITP-main\weibo-collector\data\raw_sample.json
[22:45:14] clean_text 平均长度: 364.61
