[11:18:18] 已加载登录态: E:\大三下\sitp\SITP-main-1\SITP-main\weibo-collector\data\weibo_auth.json
[11:18:25] DOM主链路第1页，当前 0/120
[11:18:38] 本页 DOM 提取 10 条
[11:18:42] DOM主链路第2页，当前 10/120
[11:18:58] 本页 DOM 提取 10 条
[11:19:01] DOM主链路第3页，当前 20/120
[11:19:15] 本页 DOM 提取 9 条
[11:19:19] DOM主链路第4页，当前 29/120
[11:19:35] 本页 DOM 提取 9 条
[11:19:39] DOM主链路第5页，当前 38/120
[11:19:54] 本页 DOM 提取 10 条
[11:19:58] DOM主链路第6页，当前 48/120
[11:20:12] 本页 DOM 提取 9 条
[11:20:16] DOM主链路第7页，当前 57/120
[11:20:32] 本页 DOM 提取 9 条
[11:20:35] DOM主链路第8页，当前 66/120
[11:20:49] 本页 DOM 提取 10 条
[11:20:54] DOM主链路第9页，当前 76/120
[11:21:14] 本页 DOM 提取 10 条
[11:21:17] DOM主链路第10页，当前 86/120
[11:21:32] 本页 DOM 提取 10 条
[11:21:37] DOM主链路第11页，当前 96/120
[11:21:48] 本页 DOM 提取 10 条
[11:21:53] DOM主链路第12页，当前 106/120
[11:22:05] 本页 DOM 提取 10 条
[11:22:09] DOM主链路第13页，当前 116/120
[11:22:19] 本页 DOM 提取 4 条
[11:22:23] DOM主链路累计 120 条
[11:22:23] 已输出: E:\大三下\sitp\SITP-main-1\SITP-main\weibo-collector\data\raw_中超_20260506_112223.json
[11:22:23] 已输出样例: E:\大三下\sitp\SITP-main-1\SITP-main\weibo-collector\data\raw_sample.json
[11:22:23] clean_text 平均长度: 414.89
