[01:12:19] 已加载登录态: D:\homework\创新创业项目\weibo-collector\data\weibo_auth.json
[01:12:20] 开始采集: 中超
[01:12:20] 日期范围: 2026-04-19 至 2026-04-20
[01:12:20] 目标数量: 50
[01:12:20] 起始URL: https://s.weibo.com/weibo?q=%E4%B8%AD%E8%B6%85&timescope=custom:2026-04-19-0:2026-04-20-23&page=1
[01:12:26] 处理第 1 页，当前已收集: 0/50
[01:12:51] 本页找到 10 个博文元素
[01:12:52] 本页过滤后保留 10 条
[01:12:52] 本页提取 10 条，总计 10
[01:12:52] 等待 2.3 秒...
[01:13:02] 处理第 2 页，当前已收集: 10/50
[01:13:22] 本页找到 9 个博文元素
[01:13:24] 本页过滤后保留 6 条
[01:13:24] 本页提取 6 条，总计 16
[01:13:24] 等待 2.7 秒...
[01:13:33] 处理第 3 页，当前已收集: 16/50
[01:13:56] 本页找到 9 个博文元素
[01:13:56] 本页过滤后保留 7 条
[01:13:56] 本页提取 7 条，总计 23
[01:13:56] 等待 2.8 秒...
[01:14:08] 处理第 4 页，当前已收集: 23/50
[01:14:29] 本页找到 10 个博文元素
[01:14:30] 本页过滤后保留 8 条
[01:14:30] 本页提取 8 条，总计 31
[01:14:30] 等待 2.0 秒...
[01:14:37] 处理第 5 页，当前已收集: 31/50
[01:15:00] 本页找到 10 个博文元素
[01:15:00] 本页过滤后保留 8 条
[01:15:00] 本页提取 8 条，总计 39
[01:15:00] 等待 1.2 秒...
[01:15:11] 处理第 6 页，当前已收集: 39/50
[01:15:31] 本页找到 9 个博文元素
[01:15:31] 本页过滤后保留 6 条
[01:15:31] 本页提取 6 条，总计 45
[01:15:31] 等待 1.8 秒...
[01:15:41] 处理第 7 页，当前已收集: 45/50
[01:16:04] 本页找到 9 个博文元素
[01:16:04] 本页过滤后保留 8 条
[01:16:04] 本页提取 8 条，总计 53
[01:16:04] 等待 2.6 秒...
[01:16:17] 结果已保存: D:\homework\创新创业项目\weibo-collector\data\中超_2026-04-19-2026-04-20_53条.json
