[19:40:54] 已加载登录态: E:\大三下\sitp\SITP-main-1\SITP-main\weibo-collector\data\weibo_auth.json
[19:41:01] DOM主链路第1页，当前 0/200
[19:41:24] 本页 DOM 提取 10 条
[19:41:29] DOM主链路第2页，当前 10/200
[19:41:58] 本页 DOM 提取 10 条
[19:42:03] DOM主链路第3页，当前 20/200
[19:42:21] 本页 DOM 提取 9 条
[19:42:26] DOM主链路第4页，当前 29/200
[19:42:47] 本页 DOM 提取 9 条
[19:42:53] DOM主链路第5页，当前 38/200
[19:43:21] 本页 DOM 提取 10 条
[19:43:28] DOM主链路第6页，当前 48/200
[19:43:53] 本页 DOM 提取 9 条
[19:44:00] DOM主链路第7页，当前 57/200
[19:44:24] 本页 DOM 提取 9 条
[19:44:29] DOM主链路第8页，当前 66/200
[19:44:57] 本页 DOM 提取 10 条
[19:45:05] DOM主链路第9页，当前 76/200
[19:45:32] 本页 DOM 提取 10 条
[19:45:40] DOM主链路第10页，当前 86/200
[19:46:04] 本页 DOM 提取 10 条
[19:46:10] DOM主链路第11页，当前 96/200
[19:46:34] 本页 DOM 提取 10 条
[19:46:43] DOM主链路第12页，当前 106/200
[19:47:05] 本页 DOM 提取 10 条
[19:47:12] DOM主链路第13页，当前 116/200
[19:47:32] 本页 DOM 提取 9 条
[19:47:39] DOM主链路第14页，当前 125/200
[19:47:57] 本页 DOM 提取 6 条
[19:48:06] DOM主链路第15页，当前 131/200
[19:48:30] 本页 DOM 提取 7 条
[19:48:35] DOM主链路第16页，当前 138/200
[19:48:59] 本页 DOM 提取 10 条
[19:49:06] DOM主链路第17页，当前 148/200
[19:49:26] 本页 DOM 提取 9 条
[19:49:33] DOM主链路第18页，当前 157/200
[19:49:46] 本页 DOM 提取 8 条
[19:49:52] DOM主链路第19页，当前 165/200
[19:50:15] 本页 DOM 提取 10 条
[19:50:22] DOM主链路第20页，当前 175/200
[19:50:49] 本页 DOM 提取 9 条
[19:50:55] DOM主链路第21页，当前 184/200
[19:51:25] 本页 DOM 提取 10 条
[19:51:33] DOM主链路第22页，当前 194/200
[19:51:56] 本页 DOM 提取 6 条
[19:52:02] DOM主链路累计 200 条
[19:52:02] 已输出: E:\大三下\sitp\SITP-main-1\SITP-main\weibo-collector\data\raw_中超_20260506_195202.json
[19:52:02] 已输出样例: E:\大三下\sitp\SITP-main-1\SITP-main\weibo-collector\data\raw_sample.json
[19:52:02] clean_text 平均长度: 364.61
