[22:07:13] 已加载登录态: E:\大三下\sitp\SITP-main-1\SITP-main\weibo-collector\data\weibo_auth.json
[22:07:21] DOM主链路第1页，当前 0/200
[22:07:39] 本页 DOM 提取 10 条
[22:08:44] DOM主链路第2页，当前 10/200
[22:09:11] 本页 DOM 提取 10 条
[22:09:17] DOM主链路第3页，当前 20/200
[22:09:39] 本页 DOM 提取 9 条
[22:09:46] DOM主链路第4页，当前 29/200
[22:10:13] 本页 DOM 提取 9 条
[22:10:21] DOM主链路第5页，当前 38/200
[22:10:44] 本页 DOM 提取 10 条
[22:10:50] DOM主链路第6页，当前 48/200
[22:11:09] 本页 DOM 提取 9 条
[22:11:15] DOM主链路第7页，当前 57/200
[22:11:36] 本页 DOM 提取 9 条
[22:11:44] DOM主链路第8页，当前 66/200
[22:12:12] 本页 DOM 提取 10 条
[22:12:18] DOM主链路第9页，当前 76/200
[22:12:42] 本页 DOM 提取 10 条
[22:12:49] DOM主链路第10页，当前 86/200
[22:13:08] 本页 DOM 提取 10 条
[22:13:14] DOM主链路第11页，当前 96/200
[22:13:34] 本页 DOM 提取 10 条
[22:13:39] DOM主链路第12页，当前 106/200
[22:14:01] 本页 DOM 提取 10 条
[22:14:06] DOM主链路第13页，当前 116/200
[22:14:24] 本页 DOM 提取 9 条
[22:14:33] DOM主链路第14页，当前 125/200
[22:14:56] 本页 DOM 提取 5 条
[22:15:02] DOM主链路第15页，当前 130/200
[22:15:23] 本页 DOM 提取 8 条
[22:15:28] DOM主链路第16页，当前 138/200
[22:15:52] 本页 DOM 提取 10 条
[22:16:00] DOM主链路第17页，当前 148/200
[22:16:20] 本页 DOM 提取 8 条
[22:16:25] DOM主链路第18页，当前 156/200
[22:16:40] 本页 DOM 提取 9 条
[22:16:47] DOM主链路第19页，当前 165/200
[22:17:06] 本页 DOM 提取 9 条
[22:17:12] DOM主链路第20页，当前 174/200
[22:17:31] 本页 DOM 提取 10 条
[22:17:37] DOM主链路第21页，当前 184/200
[22:18:00] 本页 DOM 提取 10 条
[22:18:08] DOM主链路第22页，当前 194/200
[22:18:29] 本页 DOM 提取 6 条
[22:18:38] DOM主链路累计 200 条
[22:18:38] 已输出: E:\大三下\sitp\SITP-main-1\SITP-main\weibo-collector\data\raw_中超_20260505_221838.json
[22:18:38] 已输出样例: E:\大三下\sitp\SITP-main-1\SITP-main\weibo-collector\data\raw_sample.json
[22:18:38] clean_text 平均长度: 364.24
