[19:58:15] 已加载登录态: E:\大三下\sitp\SITP-main-1\SITP-main\weibo-collector\data\weibo_auth.json
[19:58:21] DOM主链路第1页，当前 0/200
[19:58:33] 本页 DOM 提取 10 条
[19:58:37] DOM主链路第2页，当前 10/200
[19:58:53] 本页 DOM 提取 10 条
[19:58:57] DOM主链路第3页，当前 20/200
[19:59:10] 本页 DOM 提取 9 条
[19:59:12] DOM主链路第4页，当前 29/200
[19:59:26] 本页 DOM 提取 9 条
[19:59:29] DOM主链路第5页，当前 38/200
[19:59:46] 本页 DOM 提取 10 条
[19:59:51] DOM主链路第6页，当前 48/200
[20:00:05] 本页 DOM 提取 9 条
[20:00:09] DOM主链路第7页，当前 57/200
[20:00:23] 本页 DOM 提取 9 条
[20:00:28] DOM主链路第8页，当前 66/200
[20:00:45] 本页 DOM 提取 10 条
[20:00:50] DOM主链路第9页，当前 76/200
[20:01:09] 本页 DOM 提取 10 条
[20:01:14] DOM主链路第10页，当前 86/200
[20:01:27] 本页 DOM 提取 10 条
[20:01:32] DOM主链路第11页，当前 96/200
[20:01:43] 本页 DOM 提取 10 条
[20:01:47] DOM主链路第12页，当前 106/200
[20:01:57] 本页 DOM 提取 10 条
[20:02:01] DOM主链路第13页，当前 116/200
[20:02:13] 本页 DOM 提取 9 条
[20:02:16] DOM主链路第14页，当前 125/200
[20:02:23] 本页 DOM 提取 6 条
[20:02:28] DOM主链路第15页，当前 131/200
[20:02:39] 本页 DOM 提取 7 条
[20:02:44] DOM主链路第16页，当前 138/200
[20:03:00] 本页 DOM 提取 10 条
[20:03:05] DOM主链路第17页，当前 148/200
[20:03:16] 本页 DOM 提取 9 条
[20:03:21] DOM主链路第18页，当前 157/200
[20:03:30] 本页 DOM 提取 8 条
[20:03:35] DOM主链路第19页，当前 165/200
[20:03:46] 本页 DOM 提取 10 条
[20:03:50] DOM主链路第20页，当前 175/200
[20:04:03] 本页 DOM 提取 9 条
[20:04:08] DOM主链路第21页，当前 184/200
[20:04:24] 本页 DOM 提取 10 条
[20:04:28] DOM主链路第22页，当前 194/200
[20:04:42] 本页 DOM 提取 6 条
[20:04:47] DOM主链路累计 200 条
[20:04:47] 已输出: E:\大三下\sitp\SITP-main-1\SITP-main\weibo-collector\data\raw_中超_20260506_200447.json
[20:04:47] 已输出样例: E:\大三下\sitp\SITP-main-1\SITP-main\weibo-collector\data\raw_sample.json
[20:04:47] clean_text 平均长度: 364.61
