[20:29:44] 已加载登录态: D:\homework\创新创业项目\weibo-collector\data\weibo_auth.json
[20:29:45] 开始采集: 中超
[20:29:45] 日期范围: 2026-04-20 至 2026-04-21
[20:29:45] 目标数量: 150
[20:29:45] 起始URL: https://s.weibo.com/weibo?q=%E4%B8%AD%E8%B6%85&timescope=custom:2026-04-20-0:2026-04-21-23&page=1
[20:29:51] 处理第 1 页，当前已收集: 0/150
[20:30:04] 本页找到 10 个博文元素
[20:30:05] 本页过滤后保留 9 条
[20:30:05] 本页提取 9 条，总计 9
[20:30:05] 等待 1.2 秒...
[20:30:13] 处理第 2 页，当前已收集: 9/150
[20:30:32] 本页找到 10 个博文元素
[20:30:32] 本页过滤后保留 9 条
[20:30:32] 本页提取 9 条，总计 18
[20:30:32] 等待 1.4 秒...
[20:30:43] 处理第 3 页，当前已收集: 18/150
[20:31:10] 本页找到 10 个博文元素
[20:31:11] 本页过滤后保留 10 条
[20:31:11] 本页提取 10 条，总计 28
[20:31:11] 等待 1.3 秒...
[20:31:19] 处理第 4 页，当前已收集: 28/150
[20:31:36] 本页找到 10 个博文元素
[20:31:36] 本页过滤后保留 9 条
[20:31:36] 本页提取 9 条，总计 37
[20:31:36] 等待 2.8 秒...
[20:31:46] 处理第 5 页，当前已收集: 37/150
[20:32:08] 本页找到 10 个博文元素
[20:32:08] 本页过滤后保留 10 条
[20:32:08] 本页提取 10 条，总计 47
[20:32:08] 等待 2.0 秒...
[20:32:19] 处理第 6 页，当前已收集: 47/150
[20:32:41] 本页找到 10 个博文元素
[20:32:42] 本页过滤后保留 10 条
[20:32:42] 本页提取 10 条，总计 57
[20:32:42] 等待 1.5 秒...
[20:32:53] 处理第 7 页，当前已收集: 57/150
[20:33:07] 本页找到 10 个博文元素
[20:33:08] 本页过滤后保留 10 条
[20:33:08] 本页提取 10 条，总计 67
[20:33:08] 等待 1.1 秒...
[20:33:15] 处理第 8 页，当前已收集: 67/150
[20:33:41] 本页找到 10 个博文元素
[20:33:43] 本页过滤后保留 8 条
[20:33:43] 本页提取 8 条，总计 75
[20:33:43] 等待 2.6 秒...
[20:33:56] 处理第 9 页，当前已收集: 75/150
[20:34:07] 本页找到 10 个博文元素
[20:34:07] 本页过滤后保留 10 条
[20:34:07] 本页提取 10 条，总计 85
[20:34:07] 等待 2.4 秒...
[20:34:18] 处理第 10 页，当前已收集: 85/150
[20:34:37] 本页找到 10 个博文元素
[20:34:37] 本页过滤后保留 10 条
[20:34:37] 本页提取 10 条，总计 95
[20:34:37] 等待 2.5 秒...
[20:34:46] 处理第 11 页，当前已收集: 95/150
[20:35:10] 本页找到 10 个博文元素
[20:35:10] 本页过滤后保留 10 条
[20:35:10] 本页提取 10 条，总计 105
[20:35:10] 等待 2.2 秒...
[20:35:19] 处理第 12 页，当前已收集: 105/150
[20:35:31] 本页找到 10 个博文元素
[20:35:32] 本页过滤后保留 8 条
[20:35:32] 本页提取 8 条，总计 113
[20:35:32] 等待 1.3 秒...
[20:35:39] 处理第 13 页，当前已收集: 113/150
[20:36:03] 本页找到 10 个博文元素
[20:36:04] 本页过滤后保留 9 条
[20:36:04] 本页提取 9 条，总计 122
[20:36:04] 等待 2.7 秒...
[20:36:15] 处理第 14 页，当前已收集: 122/150
[20:36:38] 本页找到 10 个博文元素
[20:36:39] 本页过滤后保留 9 条
[20:36:39] 本页提取 9 条，总计 131
[20:36:39] 等待 2.0 秒...
[20:36:50] 处理第 15 页，当前已收集: 131/150
[20:37:09] 本页找到 10 个博文元素
[20:37:10] 本页过滤后保留 9 条
[20:37:10] 本页提取 9 条，总计 140
[20:37:10] 等待 2.1 秒...
[20:37:23] 处理第 16 页，当前已收集: 140/150
[20:37:40] 本页找到 10 个博文元素
[20:37:40] 本页过滤后保留 9 条
[20:37:40] 本页提取 9 条，总计 149
[20:37:40] 等待 2.2 秒...
[20:37:49] 处理第 17 页，当前已收集: 149/150
[20:38:14] 本页找到 10 个博文元素
[20:38:15] 本页过滤后保留 9 条
[20:38:15] 本页提取 9 条，总计 158
[20:38:15] 等待 1.4 秒...
[20:38:24] 结果已保存: D:\homework\创新创业项目\weibo-collector\data\中超_2026-04-20-2026-04-21_158条.json
