[21:42:24] 已加载登录态: E:\大三下\sitp\SITP-main-1\SITP-main\weibo-collector\data\weibo_auth.json
[21:42:28] DOM主链路第1页，当前 0/200
[21:42:32] 本页合计新增 10 条（其中 DOM 路径约 10 条）
[21:42:34] DOM主链路第2页，当前 10/200
[21:42:40] 本页合计新增 10 条（其中 DOM 路径约 10 条）
[21:42:41] DOM主链路第3页，当前 20/200
[21:42:46] 本页合计新增 9 条（其中 DOM 路径约 9 条）
[21:42:48] DOM主链路第4页，当前 29/200
[21:42:54] 本页合计新增 9 条（其中 DOM 路径约 9 条）
[21:42:55] DOM主链路第5页，当前 38/200
[21:43:02] 本页合计新增 10 条（其中 DOM 路径约 10 条）
[21:43:04] DOM主链路第6页，当前 48/200
[21:43:09] 本页合计新增 9 条（其中 DOM 路径约 9 条）
[21:43:10] DOM主链路第7页，当前 57/200
[21:43:17] 本页合计新增 9 条（其中 DOM 路径约 9 条）
[21:43:18] DOM主链路第8页，当前 66/200
[21:43:25] 本页合计新增 10 条（其中 DOM 路径约 10 条）
[21:43:26] DOM主链路第9页，当前 76/200
[21:43:35] 本页合计新增 10 条（其中 DOM 路径约 10 条）
[21:43:36] DOM主链路第10页，当前 86/200
[21:43:42] 本页合计新增 10 条（其中 DOM 路径约 10 条）
[21:43:43] DOM主链路第11页，当前 96/200
[21:43:47] 本页合计新增 10 条（其中 DOM 路径约 10 条）
[21:43:49] DOM主链路第12页，当前 106/200
[21:43:54] 本页合计新增 10 条（其中 DOM 路径约 10 条）
[21:43:55] DOM主链路第13页，当前 116/200
[21:43:59] 本页合计新增 9 条（其中 DOM 路径约 9 条）
[21:44:01] DOM主链路第14页，当前 125/200
[21:44:04] 本页合计新增 6 条（其中 DOM 路径约 6 条）
[21:44:05] DOM主链路第15页，当前 131/200
[21:44:10] 本页合计新增 7 条（其中 DOM 路径约 7 条）
[21:44:11] DOM主链路第16页，当前 138/200
[21:44:18] 本页合计新增 10 条（其中 DOM 路径约 10 条）
[21:44:20] DOM主链路第17页，当前 148/200
[21:44:25] 本页合计新增 9 条（其中 DOM 路径约 9 条）
[21:44:26] DOM主链路第18页，当前 157/200
[21:44:29] 本页合计新增 8 条（其中 DOM 路径约 8 条）
[21:44:30] DOM主链路第19页，当前 165/200
[21:44:34] 本页合计新增 10 条（其中 DOM 路径约 10 条）
[21:44:36] DOM主链路第20页，当前 175/200
[21:44:41] 本页合计新增 9 条（其中 DOM 路径约 9 条）
[21:44:43] DOM主链路第21页，当前 184/200
[21:44:50] 本页合计新增 10 条（其中 DOM 路径约 10 条）
[21:44:51] DOM主链路第22页，当前 194/200
[21:44:57] 本页合计新增 6 条（其中 DOM 路径约 6 条）
[21:44:59] DOM主链路累计 200 条
[21:44:59] 已输出: E:\大三下\sitp\SITP-main-1\SITP-main\weibo-collector\data\raw_中超_20260506_214459.json
[21:44:59] 已输出样例: E:\大三下\sitp\SITP-main-1\SITP-main\weibo-collector\data\raw_sample.json
[21:44:59] clean_text 平均长度: 364.61
