[13:59:30] 已加载登录态: D:\homework\创新创业项目\weibo-collector\data\weibo_auth.json
[13:59:33] DOM主链路第1页，当前 0/200
[13:59:57] 本页合计新增 10 条（其中 DOM 路径约 10 条）
[14:00:00] DOM主链路第2页，当前 10/200
[14:00:22] 本页合计新增 10 条（其中 DOM 路径约 10 条）
[14:00:28] DOM主链路第3页，当前 20/200
[14:00:55] 本页合计新增 10 条（其中 DOM 路径约 10 条）
[14:00:58] DOM主链路第4页，当前 30/200
[14:01:27] 本页合计新增 10 条（其中 DOM 路径约 10 条）
[14:01:32] DOM主链路第5页，当前 40/200
[14:01:59] 本页合计新增 9 条（其中 DOM 路径约 9 条）
[14:02:02] DOM主链路第6页，当前 49/200
[14:02:26] 本页合计新增 10 条（其中 DOM 路径约 10 条）
[14:02:31] DOM主链路第7页，当前 59/200
[14:03:04] 本页合计新增 10 条（其中 DOM 路径约 10 条）
[14:03:10] DOM主链路第8页，当前 69/200
[14:03:32] 本页合计新增 10 条（其中 DOM 路径约 10 条）
[14:03:35] DOM主链路第9页，当前 79/200
[14:04:02] 本页合计新增 10 条（其中 DOM 路径约 10 条）
[14:04:07] DOM主链路第10页，当前 89/200
[14:04:34] 本页合计新增 10 条（其中 DOM 路径约 10 条）
[14:04:38] DOM主链路第11页，当前 99/200
[14:05:00] 本页合计新增 10 条（其中 DOM 路径约 10 条）
[14:05:05] DOM主链路第12页，当前 109/200
[14:05:35] 本页合计新增 10 条（其中 DOM 路径约 10 条）
[14:05:40] DOM主链路第13页，当前 119/200
[14:06:04] 本页合计新增 10 条（其中 DOM 路径约 10 条）
[14:06:10] DOM主链路第14页，当前 129/200
[14:06:31] 本页合计新增 9 条（其中 DOM 路径约 9 条）
[14:06:36] DOM主链路第15页，当前 138/200
[14:06:58] 本页合计新增 10 条（其中 DOM 路径约 10 条）
[14:07:01] DOM主链路第16页，当前 148/200
[14:07:32] 本页合计新增 10 条（其中 DOM 路径约 10 条）
[14:07:35] DOM主链路第17页，当前 158/200
[14:08:00] 本页合计新增 10 条（其中 DOM 路径约 10 条）
[14:08:04] DOM主链路第18页，当前 168/200
[14:08:28] 本页合计新增 10 条（其中 DOM 路径约 10 条）
[14:08:33] DOM主链路第19页，当前 178/200
[14:09:02] 本页合计新增 10 条（其中 DOM 路径约 10 条）
[14:09:06] DOM主链路第20页，当前 188/200
[14:09:30] 本页合计新增 10 条（其中 DOM 路径约 10 条）
[14:09:35] DOM主链路第21页，当前 198/200
[14:10:02] 本页合计新增 2 条（其中 DOM 路径约 2 条）
[14:10:07] DOM主链路累计 200 条
[14:10:07] 已输出: D:\homework\创新创业项目\weibo-collector\data\raw_FIFA世界杯_20260518_141007.json
[14:10:07] 已输出样例: D:\homework\创新创业项目\weibo-collector\data\raw_sample.json
[14:10:07] clean_text 平均长度: 176.91
