[14:44:30] 已加载登录态: E:\大三下\sitp\SITP-main-1\SITP-main\weibo-collector\data\weibo_auth.json
[14:44:37] DOM主链路第1页，当前 0/80
[14:44:51] 本页 DOM 提取 10 条
[14:44:58] DOM主链路第2页，当前 10/80
[14:45:15] 本页 DOM 提取 10 条
[14:45:19] DOM主链路第3页，当前 20/80
[14:45:32] 本页 DOM 提取 9 条
[14:45:35] DOM主链路第4页，当前 29/80
[14:45:50] 本页 DOM 提取 9 条
[14:45:54] DOM主链路第5页，当前 38/80
[14:46:09] 本页 DOM 提取 10 条
[14:46:14] DOM主链路第6页，当前 48/80
[14:46:29] 本页 DOM 提取 9 条
[14:46:33] DOM主链路第7页，当前 57/80
[14:46:48] 本页 DOM 提取 9 条
[14:46:52] DOM主链路第8页，当前 66/80
[14:47:07] 本页 DOM 提取 10 条
[14:47:11] DOM主链路第9页，当前 76/80
[14:47:30] 本页 DOM 提取 4 条
[14:47:34] DOM主链路累计 80 条
[14:47:34] 已输出: E:\大三下\sitp\SITP-main-1\SITP-main\weibo-collector\data\raw_中超_20260506_144734.json
[14:47:34] 已输出样例: E:\大三下\sitp\SITP-main-1\SITP-main\weibo-collector\data\raw_sample.json
[14:47:34] clean_text 平均长度: 442.21
