[21:21:51] 已加载登录态: E:\大三下\sitp\SITP-main-1\SITP-main\weibo-collector\data\weibo_auth.json
[21:21:54] DOM主链路第1页，当前 0/200
[21:21:59] 本页合计新增 10 条（其中 DOM 路径约 10 条）
[21:22:00] DOM主链路第2页，当前 10/200
[21:22:06] 本页合计新增 10 条（其中 DOM 路径约 10 条）
[21:22:08] DOM主链路第3页，当前 20/200
[21:22:13] 本页合计新增 9 条（其中 DOM 路径约 9 条）
[21:22:14] DOM主链路第4页，当前 29/200
[21:22:20] 本页合计新增 9 条（其中 DOM 路径约 9 条）
[21:22:22] DOM主链路第5页，当前 38/200
[21:22:28] 本页合计新增 10 条（其中 DOM 路径约 10 条）
[21:22:29] DOM主链路第6页，当前 48/200
[21:22:35] 本页合计新增 9 条（其中 DOM 路径约 9 条）
[21:22:36] DOM主链路第7页，当前 57/200
[21:22:43] 本页合计新增 9 条（其中 DOM 路径约 9 条）
[21:22:44] DOM主链路第8页，当前 66/200
[21:22:51] 本页合计新增 10 条（其中 DOM 路径约 10 条）
[21:22:52] DOM主链路第9页，当前 76/200
[21:23:00] 本页合计新增 10 条（其中 DOM 路径约 10 条）
[21:23:02] DOM主链路第10页，当前 86/200
[21:23:07] 本页合计新增 10 条（其中 DOM 路径约 10 条）
[21:23:09] DOM主链路第11页，当前 96/200
[21:23:13] 本页合计新增 10 条（其中 DOM 路径约 10 条）
[21:23:14] DOM主链路第12页，当前 106/200
[21:23:18] 本页合计新增 10 条（其中 DOM 路径约 10 条）
[21:23:19] DOM主链路第13页，当前 116/200
[21:23:24] 本页合计新增 9 条（其中 DOM 路径约 9 条）
[21:23:25] DOM主链路第14页，当前 125/200
[21:23:28] 本页合计新增 6 条（其中 DOM 路径约 6 条）
[21:23:29] DOM主链路第15页，当前 131/200
[21:23:34] 本页合计新增 7 条（其中 DOM 路径约 7 条）
[21:23:35] DOM主链路第16页，当前 138/200
[21:23:42] 本页合计新增 10 条（其中 DOM 路径约 10 条）
[21:23:43] DOM主链路第17页，当前 148/200
[21:23:49] 本页合计新增 9 条（其中 DOM 路径约 9 条）
[21:23:50] DOM主链路第18页，当前 157/200
[21:23:52] 本页合计新增 8 条（其中 DOM 路径约 8 条）
[21:23:54] DOM主链路第19页，当前 165/200
[21:23:58] 本页合计新增 10 条（其中 DOM 路径约 10 条）
[21:23:59] DOM主链路第20页，当前 175/200
[21:24:04] 本页合计新增 9 条（其中 DOM 路径约 9 条）
[21:24:05] DOM主链路第21页，当前 184/200
[21:24:13] 本页合计新增 10 条（其中 DOM 路径约 10 条）
[21:24:14] DOM主链路第22页，当前 194/200
[21:24:20] 本页合计新增 6 条（其中 DOM 路径约 6 条）
[21:24:22] DOM主链路累计 200 条
[21:24:22] 已输出: E:\大三下\sitp\SITP-main-1\SITP-main\weibo-collector\data\raw_中超_20260506_212422.json
[21:24:22] 已输出样例: E:\大三下\sitp\SITP-main-1\SITP-main\weibo-collector\data\raw_sample.json
[21:24:22] clean_text 平均长度: 364.61
