[16:01:21] 已加载登录态: E:\大三下\sitp\SITP-main-1\SITP-main\weibo-collector\data\weibo_auth.json
[16:01:26] DOM主链路第1页，当前 0/80
[16:01:37] 本页 DOM 提取 10 条
[16:01:42] DOM主链路第2页，当前 10/80
[16:01:57] 本页 DOM 提取 10 条
[16:02:01] DOM主链路第3页，当前 20/80
[16:02:13] 本页 DOM 提取 9 条
[16:02:16] DOM主链路第4页，当前 29/80
[16:02:29] 本页 DOM 提取 9 条
[16:02:33] DOM主链路第5页，当前 38/80
[16:02:49] 本页 DOM 提取 10 条
[16:02:53] DOM主链路第6页，当前 48/80
[16:03:07] 本页 DOM 提取 9 条
[16:03:12] DOM主链路第7页，当前 57/80
[16:03:25] 本页 DOM 提取 9 条
[16:03:29] DOM主链路第8页，当前 66/80
[16:03:44] 本页 DOM 提取 10 条
[16:03:48] DOM主链路第9页，当前 76/80
[16:04:05] 本页 DOM 提取 4 条
[16:04:10] DOM主链路累计 80 条
[16:04:10] 已输出: E:\大三下\sitp\SITP-main-1\SITP-main\weibo-collector\data\raw_中超_20260506_160410.json
[16:04:10] 已输出样例: E:\大三下\sitp\SITP-main-1\SITP-main\weibo-collector\data\raw_sample.json
[16:04:10] clean_text 平均长度: 442.21
