[23:05:16] 已加载登录态: E:\大三下\sitp\SITP-main-1\SITP-main\weibo-collector\data\weibo_auth.json
[23:05:19] DOM主链路第1页，当前 0/200
[23:05:25] 本页合计新增 10 条（其中 DOM 路径约 10 条）
[23:05:26] DOM主链路第2页，当前 10/200
[23:05:33] 本页合计新增 10 条（其中 DOM 路径约 10 条）
[23:05:35] DOM主链路第3页，当前 20/200
[23:05:40] 本页合计新增 9 条（其中 DOM 路径约 9 条）
[23:05:42] DOM主链路第4页，当前 29/200
[23:05:49] 本页合计新增 9 条（其中 DOM 路径约 9 条）
[23:05:50] DOM主链路第5页，当前 38/200
[23:05:57] 本页合计新增 10 条（其中 DOM 路径约 10 条）
[23:05:59] DOM主链路第6页，当前 48/200
[23:06:05] 本页合计新增 9 条（其中 DOM 路径约 9 条）
[23:06:06] DOM主链路第7页，当前 57/200
[23:06:13] 本页合计新增 9 条（其中 DOM 路径约 9 条）
[23:06:14] DOM主链路第8页，当前 66/200
[23:06:22] 本页合计新增 10 条（其中 DOM 路径约 10 条）
[23:06:24] DOM主链路第9页，当前 76/200
[23:06:34] 本页合计新增 10 条（其中 DOM 路径约 10 条）
[23:06:36] DOM主链路第10页，当前 86/200
[23:06:42] 本页合计新增 10 条（其中 DOM 路径约 10 条）
[23:06:43] DOM主链路第11页，当前 96/200
[23:06:47] 本页合计新增 10 条（其中 DOM 路径约 10 条）
[23:06:48] DOM主链路第12页，当前 106/200
[23:06:53] 本页合计新增 10 条（其中 DOM 路径约 10 条）
[23:06:55] DOM主链路第13页，当前 116/200
[23:07:00] 本页合计新增 9 条（其中 DOM 路径约 9 条）
[23:07:01] DOM主链路第14页，当前 125/200
[23:07:04] 本页合计新增 6 条（其中 DOM 路径约 6 条）
[23:07:05] DOM主链路第15页，当前 131/200
[23:07:10] 本页合计新增 7 条（其中 DOM 路径约 7 条）
[23:07:11] DOM主链路第16页，当前 138/200
[23:07:19] 本页合计新增 10 条（其中 DOM 路径约 10 条）
[23:07:20] DOM主链路第17页，当前 148/200
[23:07:26] 本页合计新增 9 条（其中 DOM 路径约 9 条）
[23:07:27] DOM主链路第18页，当前 157/200
[23:07:30] 本页合计新增 8 条（其中 DOM 路径约 8 条）
[23:07:31] DOM主链路第19页，当前 165/200
[23:07:36] 本页合计新增 10 条（其中 DOM 路径约 10 条）
[23:07:37] DOM主链路第20页，当前 175/200
[23:07:42] 本页合计新增 9 条（其中 DOM 路径约 9 条）
[23:07:44] DOM主链路第21页，当前 184/200
[23:07:52] 本页合计新增 10 条（其中 DOM 路径约 10 条）
[23:07:53] DOM主链路第22页，当前 194/200
[23:08:00] 本页合计新增 6 条（其中 DOM 路径约 6 条）
[23:08:01] DOM主链路累计 200 条
[23:08:01] 已输出: E:\大三下\sitp\SITP-main-1\SITP-main\weibo-collector\data\raw_中超_20260506_230801.json
[23:08:01] 已输出样例: E:\大三下\sitp\SITP-main-1\SITP-main\weibo-collector\data\raw_sample.json
[23:08:01] clean_text 平均长度: 364.61
