[20:19:40] 优先移动端 API（最多 5 页）…
[20:19:41] 移动端 API 首轮 0 条，累计 0/200
[20:19:43] 已加载登录态: E:\大三下\sitp\SITP-main-1\SITP-main\weibo-collector\data\weibo_auth.json
[20:19:49] DOM主链路第1页，当前 0/200
[20:20:09] 本页 DOM 提取 10 条
[20:20:41] DOM主链路第2页，当前 10/200
[20:22:12] 本页 DOM 提取 10 条
[20:22:18] DOM主链路第3页，当前 20/200
[20:22:40] 本页 DOM 提取 9 条
[20:22:48] DOM主链路第4页，当前 29/200
[20:23:16] 本页 DOM 提取 9 条
[20:23:24] DOM主链路第5页，当前 38/200
[20:23:49] 本页 DOM 提取 10 条
[20:24:20] DOM主链路第6页，当前 48/200
[20:24:38] 本页 DOM 提取 9 条
[20:24:47] DOM主链路第7页，当前 57/200
[20:25:07] 本页 DOM 提取 9 条
[20:25:15] DOM主链路第8页，当前 66/200
[20:25:35] 本页 DOM 提取 10 条
[20:25:41] DOM主链路第9页，当前 76/200
