[13:24:51] 已加载登录态: D:\homework\创新创业项目\weibo-collector\data\weibo_auth.json
[13:24:55] DOM主链路第1页，当前 0/200
[13:25:23] 本页合计新增 10 条（其中 DOM 路径约 10 条）
[13:25:28] DOM主链路第2页，当前 10/200
[13:25:52] 本页合计新增 9 条（其中 DOM 路径约 9 条）
[13:25:58] DOM主链路第3页，当前 19/200
[13:26:29] 本页合计新增 10 条（其中 DOM 路径约 10 条）
[13:26:34] DOM主链路第4页，当前 29/200
[13:27:10] 本页合计新增 10 条（其中 DOM 路径约 10 条）
[13:27:15] DOM主链路第5页，当前 39/200
[13:27:34] 本页合计新增 7 条（其中 DOM 路径约 7 条）
[13:27:37] DOM主链路第6页，当前 46/200
[13:28:05] 本页合计新增 10 条（其中 DOM 路径约 10 条）
[13:28:09] DOM主链路第7页，当前 56/200
[13:28:32] 本页合计新增 9 条（其中 DOM 路径约 9 条）
[13:28:38] DOM主链路第8页，当前 65/200
[13:29:05] 本页合计新增 9 条（其中 DOM 路径约 9 条）
[13:29:09] DOM主链路第9页，当前 74/200
[13:29:34] 本页合计新增 10 条（其中 DOM 路径约 10 条）
[13:29:38] DOM主链路第10页，当前 84/200
[13:30:05] 本页合计新增 10 条（其中 DOM 路径约 10 条）
[13:30:10] DOM主链路第11页，当前 94/200
[13:30:44] 本页合计新增 10 条（其中 DOM 路径约 10 条）
[13:30:47] DOM主链路第12页，当前 104/200
[13:31:16] 本页合计新增 9 条（其中 DOM 路径约 9 条）
[13:31:20] DOM主链路第13页，当前 113/200
[13:31:51] 本页合计新增 10 条（其中 DOM 路径约 10 条）
[13:31:56] DOM主链路第14页，当前 123/200
[13:32:21] 本页合计新增 9 条（其中 DOM 路径约 9 条）
[13:32:25] DOM主链路第15页，当前 132/200
[13:32:56] 本页合计新增 10 条（其中 DOM 路径约 10 条）
[13:33:01] DOM主链路第16页，当前 142/200
[13:33:23] 本页合计新增 10 条（其中 DOM 路径约 10 条）
[13:33:28] DOM主链路第17页，当前 152/200
[13:33:58] 本页合计新增 10 条（其中 DOM 路径约 10 条）
[13:34:03] DOM主链路第18页，当前 162/200
[13:34:32] 本页合计新增 10 条（其中 DOM 路径约 10 条）
[13:34:37] DOM主链路第19页，当前 172/200
[13:35:08] 本页合计新增 10 条（其中 DOM 路径约 10 条）
[13:35:12] DOM主链路第20页，当前 182/200
[13:35:37] 本页合计新增 10 条（其中 DOM 路径约 10 条）
[13:35:40] DOM主链路第21页，当前 192/200
[13:36:06] 本页合计新增 8 条（其中 DOM 路径约 8 条）
[13:36:11] DOM主链路累计 200 条
[13:36:11] 已输出: D:\homework\创新创业项目\weibo-collector\data\raw_世界杯_20260518_133611.json
[13:36:11] 已输出样例: D:\homework\创新创业项目\weibo-collector\data\raw_sample.json
[13:36:11] clean_text 平均长度: 168.65
