[14:15:40] 已加载登录态: D:\homework\创新创业项目\weibo-collector\data\weibo_auth.json
[14:15:44] DOM主链路第1页，当前 0/200
[14:16:04] 本页合计新增 10 条（其中 DOM 路径约 10 条）
[14:16:08] DOM主链路第2页，当前 10/200
[14:16:33] 本页合计新增 10 条（其中 DOM 路径约 10 条）
[14:16:37] DOM主链路第3页，当前 20/200
[14:16:54] 本页合计新增 10 条（其中 DOM 路径约 10 条）
[14:17:00] DOM主链路第4页，当前 30/200
[14:17:15] 本页合计新增 10 条（其中 DOM 路径约 10 条）
[14:17:21] DOM主链路第5页，当前 40/200
[14:17:36] 本页合计新增 10 条（其中 DOM 路径约 10 条）
[14:17:39] DOM主链路第6页，当前 50/200
[14:18:03] 本页合计新增 10 条（其中 DOM 路径约 10 条）
[14:18:08] DOM主链路第7页，当前 60/200
[14:18:24] 本页合计新增 10 条（其中 DOM 路径约 10 条）
[14:18:29] DOM主链路第8页，当前 70/200
[14:18:53] 本页合计新增 10 条（其中 DOM 路径约 10 条）
[14:18:56] DOM主链路第9页，当前 80/200
[14:19:15] 本页合计新增 10 条（其中 DOM 路径约 10 条）
[14:19:19] DOM主链路第10页，当前 90/200
[14:19:37] 本页合计新增 10 条（其中 DOM 路径约 10 条）
[14:19:42] DOM主链路第11页，当前 100/200
[14:20:00] 本页合计新增 10 条（其中 DOM 路径约 10 条）
[14:20:04] DOM主链路第12页，当前 110/200
[14:20:17] 本页合计新增 10 条（其中 DOM 路径约 10 条）
[14:20:23] DOM主链路第13页，当前 120/200
[14:20:35] 本页合计新增 10 条（其中 DOM 路径约 10 条）
[14:20:40] DOM主链路第14页，当前 130/200
[14:20:52] 本页合计新增 10 条（其中 DOM 路径约 10 条）
[14:20:55] DOM主链路第15页，当前 140/200
[14:21:14] 本页合计新增 10 条（其中 DOM 路径约 10 条）
[14:21:19] DOM主链路第16页，当前 150/200
[14:21:32] 本页合计新增 10 条（其中 DOM 路径约 10 条）
[14:21:36] DOM主链路第17页，当前 160/200
[14:21:46] 本页合计新增 10 条（其中 DOM 路径约 10 条）
[14:21:49] DOM主链路第18页，当前 170/200
[14:22:05] 本页合计新增 10 条（其中 DOM 路径约 10 条）
[14:22:08] DOM主链路第19页，当前 180/200
[14:22:34] 本页合计新增 10 条（其中 DOM 路径约 10 条）
[14:22:39] DOM主链路第20页，当前 190/200
[14:23:03] 本页合计新增 10 条（其中 DOM 路径约 10 条）
[14:23:09] DOM主链路累计 200 条
[14:23:09] 已输出: D:\homework\创新创业项目\weibo-collector\data\raw_中超_20260518_142309.json
[14:23:09] 已输出样例: D:\homework\创新创业项目\weibo-collector\data\raw_sample.json
[14:23:09] clean_text 平均长度: 122.22
