[19:13:58] 已加载登录态: E:\大三下\sitp\SITP-main-1\SITP-main\weibo-collector\data\weibo_auth.json
[19:14:05] DOM主链路第1页，当前 0/200
[19:14:26] 本页 DOM 提取 10 条
[19:14:31] DOM主链路第2页，当前 10/200
[19:14:58] 本页 DOM 提取 10 条
[19:18:32] DOM主链路第3页，当前 20/200
[19:18:51] 本页 DOM 提取 9 条
[19:18:55] DOM主链路第4页，当前 29/200
[19:19:22] 本页 DOM 提取 9 条
[19:19:27] DOM主链路第5页，当前 38/200
[19:19:55] 本页 DOM 提取 10 条
[19:20:03] DOM主链路第6页，当前 48/200
[19:20:24] 本页 DOM 提取 9 条
[19:20:29] DOM主链路第7页，当前 57/200
[19:20:53] 本页 DOM 提取 9 条
[19:20:59] DOM主链路第8页，当前 66/200
[19:21:26] 本页 DOM 提取 10 条
[19:21:32] DOM主链路第9页，当前 76/200
[19:21:57] 本页 DOM 提取 10 条
[19:22:04] DOM主链路第10页，当前 86/200
[19:22:31] 本页 DOM 提取 10 条
[19:22:39] DOM主链路第11页，当前 96/200
[19:23:02] 本页 DOM 提取 10 条
[19:23:09] DOM主链路第12页，当前 106/200
[19:23:28] 本页 DOM 提取 10 条
[19:23:33] DOM主链路第13页，当前 116/200
[19:23:52] 本页 DOM 提取 9 条
[19:23:58] DOM主链路第14页，当前 125/200
[19:24:15] 本页 DOM 提取 5 条
[19:24:24] DOM主链路第15页，当前 130/200
[19:24:48] 本页 DOM 提取 8 条
[19:24:55] DOM主链路第16页，当前 138/200
[19:25:15] 本页 DOM 提取 10 条
[19:25:22] DOM主链路第17页，当前 148/200
[19:25:45] 本页 DOM 提取 8 条
[19:25:51] DOM主链路第18页，当前 156/200
[19:26:08] 本页 DOM 提取 9 条
[19:26:15] DOM主链路第19页，当前 165/200
[19:26:34] 本页 DOM 提取 9 条
[19:26:40] DOM主链路第20页，当前 174/200
[19:27:08] 本页 DOM 提取 10 条
[19:27:13] DOM主链路第21页，当前 184/200
[19:27:37] 本页 DOM 提取 10 条
[19:27:44] DOM主链路第22页，当前 194/200
[19:28:13] 本页 DOM 提取 6 条
[19:28:18] DOM主链路累计 200 条
[19:28:18] 已输出: E:\大三下\sitp\SITP-main-1\SITP-main\weibo-collector\data\raw_中超_20260505_192818.json
[19:28:18] 已输出样例: E:\大三下\sitp\SITP-main-1\SITP-main\weibo-collector\data\raw_sample.json
[19:28:18] clean_text 平均长度: 364.24
