[11:09:02] 已加载登录态: E:\大三下\sitp\SITP-main-1\SITP-main\weibo-collector\data\weibo_auth.json
[11:09:08] DOM主链路第1页，当前 0/120
[11:09:20] 本页 DOM 提取 10 条
[11:09:23] DOM主链路第2页，当前 10/120
[11:09:38] 本页 DOM 提取 10 条
[11:09:42] DOM主链路第3页，当前 20/120
[11:09:54] 本页 DOM 提取 9 条
[11:09:57] DOM主链路第4页，当前 29/120
[11:10:13] 本页 DOM 提取 9 条
[11:10:17] DOM主链路第5页，当前 38/120
[11:10:32] 本页 DOM 提取 10 条
[11:10:36] DOM主链路第6页，当前 48/120
[11:10:50] 本页 DOM 提取 9 条
[11:10:54] DOM主链路第7页，当前 57/120
[11:11:10] 本页 DOM 提取 9 条
[11:11:14] DOM主链路第8页，当前 66/120
[11:11:30] 本页 DOM 提取 10 条
[11:11:35] DOM主链路第9页，当前 76/120
[11:11:54] 本页 DOM 提取 10 条
[11:11:59] DOM主链路第10页，当前 86/120
[11:12:14] 本页 DOM 提取 10 条
[11:12:19] DOM主链路第11页，当前 96/120
[11:12:29] 本页 DOM 提取 10 条
[11:12:34] DOM主链路第12页，当前 106/120
[11:12:44] 本页 DOM 提取 10 条
[11:12:49] DOM主链路第13页，当前 116/120
[11:13:01] 本页 DOM 提取 4 条
[11:13:06] DOM主链路累计 120 条
[11:13:06] 已输出: E:\大三下\sitp\SITP-main-1\SITP-main\weibo-collector\data\raw_中超_20260506_111306.json
[11:13:06] 已输出样例: E:\大三下\sitp\SITP-main-1\SITP-main\weibo-collector\data\raw_sample.json
[11:13:06] clean_text 平均长度: 414.89
