[22:40:08] 已加载登录态: E:\大三下\sitp\SITP-main-1\SITP-main\weibo-collector\data\weibo_auth.json
[22:40:15] DOM主链路第1页，当前 0/200
[22:40:38] 本页 DOM 提取 10 条
[22:40:44] DOM主链路第2页，当前 10/200
[22:41:08] 本页 DOM 提取 10 条
[22:41:17] DOM主链路第3页，当前 20/200
[22:41:38] 本页 DOM 提取 9 条
[22:41:44] DOM主链路第4页，当前 29/200
[22:42:10] 本页 DOM 提取 9 条
[22:42:17] DOM主链路第5页，当前 38/200
[22:42:45] 本页 DOM 提取 10 条
[22:42:51] DOM主链路第6页，当前 48/200
[22:43:14] 本页 DOM 提取 9 条
[22:43:20] DOM主链路第7页，当前 57/200
[22:43:42] 本页 DOM 提取 9 条
[22:43:47] DOM主链路第8页，当前 66/200
[22:44:08] 本页 DOM 提取 10 条
[22:44:15] DOM主链路第9页，当前 76/200
[22:44:44] 本页 DOM 提取 10 条
[22:44:51] DOM主链路第10页，当前 86/200
[22:45:17] 本页 DOM 提取 10 条
[22:45:23] DOM主链路第11页，当前 96/200
[22:45:41] 本页 DOM 提取 10 条
[22:45:47] DOM主链路第12页，当前 106/200
[22:46:05] 本页 DOM 提取 10 条
[22:46:10] DOM主链路第13页，当前 116/200
[22:46:32] 本页 DOM 提取 9 条
[22:46:37] DOM主链路第14页，当前 125/200
[22:46:59] 本页 DOM 提取 5 条
[22:47:05] DOM主链路第15页，当前 130/200
[22:47:24] 本页 DOM 提取 8 条
[22:47:29] DOM主链路第16页，当前 138/200
[22:47:56] 本页 DOM 提取 10 条
[22:48:04] DOM主链路第17页，当前 148/200
[22:48:24] 本页 DOM 提取 8 条
[22:48:31] DOM主链路第18页，当前 156/200
[22:48:47] 本页 DOM 提取 9 条
[22:48:53] DOM主链路第19页，当前 165/200
[22:49:16] 本页 DOM 提取 9 条
[22:49:23] DOM主链路第20页，当前 174/200
[22:49:45] 本页 DOM 提取 10 条
[22:49:50] DOM主链路第21页，当前 184/200
[22:50:19] 本页 DOM 提取 10 条
[22:50:26] DOM主链路第22页，当前 194/200
[22:50:47] 本页 DOM 提取 6 条
[22:50:55] DOM主链路累计 200 条
[22:50:55] 已输出: E:\大三下\sitp\SITP-main-1\SITP-main\weibo-collector\data\raw_中超_20260505_225055.json
[22:50:55] 已输出样例: E:\大三下\sitp\SITP-main-1\SITP-main\weibo-collector\data\raw_sample.json
[22:50:55] clean_text 平均长度: 364.24
