[20:33:26] 已加载登录态: E:\大三下\sitp\SITP-main-1\SITP-main\weibo-collector\data\weibo_auth.json
[20:33:29] DOM主链路第1页，当前 0/200
[20:33:34] 本页 DOM 提取 10 条
[20:33:35] DOM主链路第2页，当前 10/200
[20:33:42] 本页 DOM 提取 10 条
[20:33:43] DOM主链路第3页，当前 20/200
[20:33:48] 本页 DOM 提取 9 条
[20:33:49] DOM主链路第4页，当前 29/200
[20:33:56] 本页 DOM 提取 9 条
[20:33:57] DOM主链路第5页，当前 38/200
[20:34:04] 本页 DOM 提取 10 条
[20:34:05] DOM主链路第6页，当前 48/200
[20:34:11] 本页 DOM 提取 9 条
[20:34:14] DOM主链路第7页，当前 57/200
[20:34:20] 本页 DOM 提取 9 条
[20:34:22] DOM主链路第8页，当前 66/200
[20:34:28] 本页 DOM 提取 10 条
[20:34:30] DOM主链路第9页，当前 76/200
[20:34:38] 本页 DOM 提取 10 条
[20:34:40] DOM主链路第10页，当前 86/200
[20:34:45] 本页 DOM 提取 10 条
[20:34:47] DOM主链路第11页，当前 96/200
[20:34:51] 本页 DOM 提取 10 条
[20:34:52] DOM主链路第12页，当前 106/200
[20:34:57] 本页 DOM 提取 10 条
[20:34:58] DOM主链路第13页，当前 116/200
[20:35:02] 本页 DOM 提取 9 条
[20:35:06] DOM主链路第14页，当前 125/200
[20:35:09] 本页 DOM 提取 6 条
[20:35:10] DOM主链路第15页，当前 131/200
[20:35:15] 本页 DOM 提取 7 条
[20:35:17] DOM主链路第16页，当前 138/200
[20:35:20] 本页 DOM 提取 10 条
[20:35:21] DOM主链路第17页，当前 148/200
[20:35:26] 本页 DOM 提取 9 条
[20:35:28] DOM主链路第18页，当前 157/200
[20:35:40] 本页 DOM 提取 8 条
[20:35:42] DOM主链路第19页，当前 165/200
[20:35:56] 本页 DOM 提取 10 条
[20:35:58] DOM主链路第20页，当前 175/200
[20:36:16] 本页 DOM 提取 9 条
[20:36:17] DOM主链路第21页，当前 184/200
[20:36:45] 本页 DOM 提取 10 条
[20:36:47] DOM主链路第22页，当前 194/200
[20:37:07] 本页 DOM 提取 6 条
[20:37:09] DOM主链路累计 200 条
[20:37:09] 已输出: E:\大三下\sitp\SITP-main-1\SITP-main\weibo-collector\data\raw_中超_20260506_203709.json
[20:37:09] 已输出样例: E:\大三下\sitp\SITP-main-1\SITP-main\weibo-collector\data\raw_sample.json
[20:37:09] clean_text 平均长度: 364.61
