[22:34:18] 已加载登录态: E:\大三下\sitp\SITP-main-1\SITP-main\weibo-collector\data\weibo_auth.json
[22:34:21] DOM主链路第1页，当前 0/200
[22:34:26] 本页合计新增 10 条（其中 DOM 路径约 10 条）
[22:34:27] DOM主链路第2页，当前 10/200
[22:34:34] 本页合计新增 10 条（其中 DOM 路径约 10 条）
[22:34:36] DOM主链路第3页，当前 20/200
[22:34:41] 本页合计新增 9 条（其中 DOM 路径约 9 条）
[22:34:43] DOM主链路第4页，当前 29/200
[22:34:49] 本页合计新增 9 条（其中 DOM 路径约 9 条）
[22:34:50] DOM主链路第5页，当前 38/200
[22:34:57] 本页合计新增 10 条（其中 DOM 路径约 10 条）
[22:34:58] DOM主链路第6页，当前 48/200
[22:35:04] 本页合计新增 9 条（其中 DOM 路径约 9 条）
[22:35:05] DOM主链路第7页，当前 57/200
[22:35:11] 本页合计新增 9 条（其中 DOM 路径约 9 条）
[22:35:12] DOM主链路第8页，当前 66/200
[22:35:19] 本页合计新增 10 条（其中 DOM 路径约 10 条）
[22:35:20] DOM主链路第9页，当前 76/200
[22:35:29] 本页合计新增 10 条（其中 DOM 路径约 10 条）
[22:35:30] DOM主链路第10页，当前 86/200
[22:35:36] 本页合计新增 10 条（其中 DOM 路径约 10 条）
[22:35:37] DOM主链路第11页，当前 96/200
[22:35:41] 本页合计新增 10 条（其中 DOM 路径约 10 条）
[22:35:42] DOM主链路第12页，当前 106/200
[22:35:47] 本页合计新增 10 条（其中 DOM 路径约 10 条）
[22:35:48] DOM主链路第13页，当前 116/200
[22:35:52] 本页合计新增 9 条（其中 DOM 路径约 9 条）
[22:35:54] DOM主链路第14页，当前 125/200
[22:35:57] 本页合计新增 6 条（其中 DOM 路径约 6 条）
[22:35:58] DOM主链路第15页，当前 131/200
[22:36:02] 本页合计新增 7 条（其中 DOM 路径约 7 条）
[22:36:04] DOM主链路第16页，当前 138/200
[22:36:11] 本页合计新增 10 条（其中 DOM 路径约 10 条）
[22:36:13] DOM主链路第17页，当前 148/200
[22:36:18] 本页合计新增 9 条（其中 DOM 路径约 9 条）
[22:36:19] DOM主链路第18页，当前 157/200
[22:36:22] 本页合计新增 8 条（其中 DOM 路径约 8 条）
[22:36:23] DOM主链路第19页，当前 165/200
[22:36:28] 本页合计新增 10 条（其中 DOM 路径约 10 条）
[22:36:29] DOM主链路第20页，当前 175/200
[22:36:34] 本页合计新增 9 条（其中 DOM 路径约 9 条）
[22:36:35] DOM主链路第21页，当前 184/200
[22:36:43] 本页合计新增 10 条（其中 DOM 路径约 10 条）
[22:36:44] DOM主链路第22页，当前 194/200
[22:36:50] 本页合计新增 6 条（其中 DOM 路径约 6 条）
[22:36:52] DOM主链路累计 200 条
[22:36:52] 已输出: E:\大三下\sitp\SITP-main-1\SITP-main\weibo-collector\data\raw_中超_20260506_223652.json
[22:36:52] 已输出样例: E:\大三下\sitp\SITP-main-1\SITP-main\weibo-collector\data\raw_sample.json
[22:36:52] clean_text 平均长度: 364.61
