[19:40:32] 已加载登录态: D:\homework\创新创业项目\weibo-collector\data\weibo_auth.json
[19:40:37] DOM主链路第1页，当前 0/200
[19:41:07] 本页 DOM 提取 10 条
[19:41:11] DOM主链路第2页，当前 10/200
[19:41:37] 本页 DOM 提取 10 条
[19:41:43] DOM主链路第3页，当前 20/200
[19:42:05] 本页 DOM 提取 9 条
[19:42:10] DOM主链路第4页，当前 29/200
[19:42:35] 本页 DOM 提取 10 条
[19:42:41] DOM主链路第5页，当前 39/200
[19:43:05] 本页 DOM 提取 10 条
[19:43:10] DOM主链路第6页，当前 49/200
[19:43:32] 本页 DOM 提取 9 条
[19:43:39] DOM主链路第7页，当前 58/200
[19:44:01] 本页 DOM 提取 10 条
[19:44:09] DOM主链路第8页，当前 68/200
[19:44:27] 本页 DOM 提取 9 条
[19:44:33] DOM主链路第9页，当前 77/200
[19:44:52] 本页 DOM 提取 9 条
[19:44:57] DOM主链路第10页，当前 86/200
[19:45:14] 本页 DOM 提取 10 条
[19:45:20] DOM主链路第11页，当前 96/200
[19:45:48] 本页 DOM 提取 10 条
[19:45:52] DOM主链路第12页，当前 106/200
[19:46:23] 本页 DOM 提取 10 条
[19:46:30] DOM主链路第13页，当前 116/200
[19:46:49] 本页 DOM 提取 10 条
[19:46:54] DOM主链路第14页，当前 126/200
[19:47:14] 本页 DOM 提取 9 条
[19:47:21] DOM主链路第15页，当前 135/200
[19:47:36] 本页 DOM 提取 10 条
[19:47:42] DOM主链路第16页，当前 145/200
[19:48:03] 本页 DOM 提取 10 条
[19:48:11] DOM主链路第17页，当前 155/200
[19:48:31] 本页 DOM 提取 10 条
[19:48:37] DOM主链路第18页，当前 165/200
[19:49:02] 本页 DOM 提取 9 条
[19:49:09] DOM主链路第19页，当前 174/200
[19:49:29] 本页 DOM 提取 8 条
[19:49:36] DOM主链路第20页，当前 182/200
[19:49:55] 本页 DOM 提取 10 条
[19:50:01] DOM主链路第21页，当前 192/200
[19:50:23] 本页 DOM 提取 8 条
[19:50:31] DOM主链路累计 200 条
[19:50:31] 已输出: D:\homework\创新创业项目\weibo-collector\data\raw_中超_20260429_195031.json
[19:50:31] 已输出样例: D:\homework\创新创业项目\weibo-collector\data\raw_sample.json
[19:50:31] clean_text 平均长度: 374.70
