[21:07:23] 已加载登录态: D:\homework\创新创业项目\weibo-collector\data\weibo_auth.json
[21:07:24] 开始采集: 中超
[21:07:24] 日期范围: 2026-04-20 至 2026-04-21
[21:07:24] 目标数量: 150
[21:07:24] 起始URL: https://s.weibo.com/weibo?q=%E4%B8%AD%E8%B6%85&timescope=custom:2026-04-20-0:2026-04-21-23&page=1
[21:07:30] 处理第 1 页，当前已收集: 0/150
[21:07:58] 本页找到 10 个博文元素
[21:07:59] 本页过滤后保留 9 条
[21:07:59] 本页提取 9 条，总计 9
[21:07:59] 等待 1.9 秒...
[21:08:07] 处理第 2 页，当前已收集: 9/150
[21:08:35] 本页找到 10 个博文元素
[21:08:35] 本页过滤后保留 8 条
[21:08:35] 本页提取 8 条，总计 17
[21:08:35] 等待 1.8 秒...
[21:08:45] 处理第 3 页，当前已收集: 17/150
[21:09:03] 本页找到 10 个博文元素
[21:09:04] 本页过滤后保留 10 条
[21:09:04] 本页提取 10 条，总计 27
[21:09:04] 等待 1.9 秒...
[21:09:13] 处理第 4 页，当前已收集: 27/150
[21:09:34] 本页找到 10 个博文元素
[21:09:34] 本页过滤后保留 10 条
[21:09:34] 本页提取 10 条，总计 37
[21:09:34] 等待 2.5 秒...
[21:09:45] 处理第 5 页，当前已收集: 37/150
[21:10:12] 本页找到 10 个博文元素
[21:10:12] 本页过滤后保留 10 条
[21:10:12] 本页提取 10 条，总计 47
[21:10:12] 等待 1.7 秒...
[21:10:22] 处理第 6 页，当前已收集: 47/150
[21:10:49] 本页找到 10 个博文元素
[21:10:49] 本页过滤后保留 10 条
[21:10:49] 本页提取 10 条，总计 57
[21:10:49] 等待 1.8 秒...
[21:10:57] 处理第 7 页，当前已收集: 57/150
[21:11:12] 本页找到 10 个博文元素
[21:11:13] 本页过滤后保留 9 条
[21:11:13] 本页提取 9 条，总计 66
[21:11:13] 等待 1.4 秒...
[21:11:21] 处理第 8 页，当前已收集: 66/150
[21:11:39] 本页找到 9 个博文元素
[21:11:39] 本页过滤后保留 9 条
[21:11:39] 本页提取 9 条，总计 75
[21:11:39] 等待 1.6 秒...
[21:11:49] 处理第 9 页，当前已收集: 75/150
[21:12:08] 本页找到 10 个博文元素
[21:12:09] 本页过滤后保留 9 条
[21:12:09] 本页提取 9 条，总计 84
[21:12:09] 等待 2.5 秒...
[21:12:19] 处理第 10 页，当前已收集: 84/150
[21:12:40] 本页找到 10 个博文元素
[21:12:41] 本页过滤后保留 9 条
[21:12:41] 本页提取 9 条，总计 93
[21:12:41] 等待 2.4 秒...
[21:12:53] 处理第 11 页，当前已收集: 93/150
[21:13:04] 本页找到 10 个博文元素
[21:13:04] 本页过滤后保留 9 条
[21:13:04] 本页提取 9 条，总计 102
[21:13:04] 等待 1.8 秒...
[21:13:14] 处理第 12 页，当前已收集: 102/150
[21:13:39] 本页找到 10 个博文元素
[21:13:39] 本页过滤后保留 9 条
[21:13:39] 本页提取 9 条，总计 111
[21:13:39] 等待 1.4 秒...
[21:13:48] 处理第 13 页，当前已收集: 111/150
[21:14:13] 本页找到 10 个博文元素
[21:14:13] 本页过滤后保留 10 条
[21:14:13] 本页提取 10 条，总计 121
[21:14:13] 等待 2.4 秒...
[21:14:21] 处理第 14 页，当前已收集: 121/150
[21:14:42] 本页找到 10 个博文元素
[21:14:42] 本页过滤后保留 9 条
[21:14:42] 本页提取 9 条，总计 130
[21:14:42] 等待 2.1 秒...
[21:14:54] 处理第 15 页，当前已收集: 130/150
[21:15:14] 本页找到 10 个博文元素
[21:15:14] 本页过滤后保留 10 条
[21:15:14] 本页提取 10 条，总计 140
[21:15:14] 等待 1.6 秒...
[21:15:26] 处理第 16 页，当前已收集: 140/150
[21:15:49] 本页找到 10 个博文元素
[21:15:49] 本页过滤后保留 10 条
[21:15:49] 本页提取 10 条，总计 150
[21:15:49] 等待 1.8 秒...
[21:15:58] 结果已保存: D:\homework\创新创业项目\weibo-collector\data\中超_2026-04-20-2026-04-21_150条.json
