[20:50:59] 已加载登录态: E:\大三下\sitp\SITP-main-1\SITP-main\weibo-collector\data\weibo_auth.json
[20:51:02] DOM主链路第1页，当前 0/200
[20:51:07] 本页合计新增 10 条（其中 DOM 路径约 10 条）
[20:51:08] DOM主链路第2页，当前 10/200
[20:51:14] 本页合计新增 10 条（其中 DOM 路径约 10 条）
[20:51:16] DOM主链路第3页，当前 20/200
[20:51:21] 本页合计新增 9 条（其中 DOM 路径约 9 条）
[20:51:22] DOM主链路第4页，当前 29/200
[20:51:29] 本页合计新增 9 条（其中 DOM 路径约 9 条）
[20:51:30] DOM主链路第5页，当前 38/200
[20:51:36] 本页合计新增 10 条（其中 DOM 路径约 10 条）
[20:51:38] DOM主链路第6页，当前 48/200
[20:51:44] 本页合计新增 9 条（其中 DOM 路径约 9 条）
[20:51:45] DOM主链路第7页，当前 57/200
[20:51:51] 本页合计新增 9 条（其中 DOM 路径约 9 条）
[20:51:53] DOM主链路第8页，当前 66/200
[20:51:59] 本页合计新增 10 条（其中 DOM 路径约 10 条）
[20:52:00] DOM主链路第9页，当前 76/200
[20:52:09] 本页合计新增 10 条（其中 DOM 路径约 10 条）
[20:52:10] DOM主链路第10页，当前 86/200
[20:52:16] 本页合计新增 10 条（其中 DOM 路径约 10 条）
[20:52:17] DOM主链路第11页，当前 96/200
[20:52:21] 本页合计新增 10 条（其中 DOM 路径约 10 条）
[20:52:22] DOM主链路第12页，当前 106/200
[20:52:27] 本页合计新增 10 条（其中 DOM 路径约 10 条）
[20:52:28] DOM主链路第13页，当前 116/200
[20:52:33] 本页合计新增 9 条（其中 DOM 路径约 9 条）
[20:52:34] DOM主链路第14页，当前 125/200
[20:52:37] 本页合计新增 6 条（其中 DOM 路径约 6 条）
[20:52:38] DOM主链路第15页，当前 131/200
[20:52:43] 本页合计新增 7 条（其中 DOM 路径约 7 条）
[20:52:44] DOM主链路第16页，当前 138/200
[20:52:51] 本页合计新增 10 条（其中 DOM 路径约 10 条）
[20:52:53] DOM主链路第17页，当前 148/200
[20:52:58] 本页合计新增 9 条（其中 DOM 路径约 9 条）
[20:52:59] DOM主链路第18页，当前 157/200
[20:53:02] 本页合计新增 8 条（其中 DOM 路径约 8 条）
[20:53:03] DOM主链路第19页，当前 165/200
[20:53:07] 本页合计新增 10 条（其中 DOM 路径约 10 条）
[20:53:09] DOM主链路第20页，当前 175/200
[20:53:14] 本页合计新增 9 条（其中 DOM 路径约 9 条）
[20:53:15] DOM主链路第21页，当前 184/200
[20:53:23] 本页合计新增 10 条（其中 DOM 路径约 10 条）
[20:53:24] DOM主链路第22页，当前 194/200
[20:53:30] 本页合计新增 6 条（其中 DOM 路径约 6 条）
[20:53:32] DOM主链路累计 200 条
[20:53:32] 已输出: E:\大三下\sitp\SITP-main-1\SITP-main\weibo-collector\data\raw_中超_20260506_205332.json
[20:53:32] 已输出样例: E:\大三下\sitp\SITP-main-1\SITP-main\weibo-collector\data\raw_sample.json
[20:53:32] clean_text 平均长度: 364.61
