[14:30:06] 已加载登录态: D:\homework\创新创业项目\weibo-collector\data\weibo_auth.json
[14:30:11] DOM主链路第1页，当前 0/200
[14:30:35] 本页合计新增 10 条（其中 DOM 路径约 10 条）
[14:30:40] DOM主链路第2页，当前 10/200
[14:30:54] 本页合计新增 10 条（其中 DOM 路径约 10 条）
[14:31:00] DOM主链路第3页，当前 20/200
[14:31:16] 本页合计新增 10 条（其中 DOM 路径约 10 条）
[14:31:19] DOM主链路第4页，当前 30/200
[14:31:42] 本页合计新增 10 条（其中 DOM 路径约 10 条）
[14:31:46] DOM主链路第5页，当前 40/200
[14:32:12] 本页合计新增 10 条（其中 DOM 路径约 10 条）
[14:32:17] DOM主链路第6页，当前 50/200
[14:32:35] 本页合计新增 9 条（其中 DOM 路径约 9 条）
[14:32:38] DOM主链路第7页，当前 59/200
[14:32:53] 本页合计新增 10 条（其中 DOM 路径约 10 条）
[14:32:57] DOM主链路第8页，当前 69/200
[14:33:21] 本页合计新增 10 条（其中 DOM 路径约 10 条）
[14:33:24] DOM主链路第9页，当前 79/200
[14:33:41] 本页合计新增 10 条（其中 DOM 路径约 10 条）
[14:33:47] DOM主链路第10页，当前 89/200
[14:34:06] 本页合计新增 10 条（其中 DOM 路径约 10 条）
[14:34:09] DOM主链路第11页，当前 99/200
[14:34:30] 本页合计新增 10 条（其中 DOM 路径约 10 条）
[14:34:35] DOM主链路第12页，当前 109/200
[14:34:59] 本页合计新增 10 条（其中 DOM 路径约 10 条）
[14:35:03] DOM主链路第13页，当前 119/200
[14:35:23] 本页合计新增 10 条（其中 DOM 路径约 10 条）
[14:35:27] DOM主链路第14页，当前 129/200
[14:35:48] 本页合计新增 10 条（其中 DOM 路径约 10 条）
[14:35:53] DOM主链路第15页，当前 139/200
[14:36:13] 本页合计新增 10 条（其中 DOM 路径约 10 条）
[14:36:18] DOM主链路第16页，当前 149/200
[14:36:39] 本页合计新增 9 条（其中 DOM 路径约 9 条）
[14:36:42] DOM主链路第17页，当前 158/200
[14:37:01] 本页合计新增 10 条（其中 DOM 路径约 10 条）
[14:37:05] DOM主链路第18页，当前 168/200
[14:37:32] 本页合计新增 9 条（其中 DOM 路径约 9 条）
[14:37:35] DOM主链路第19页，当前 177/200
[14:37:57] 本页合计新增 10 条（其中 DOM 路径约 10 条）
[14:38:03] DOM主链路第20页，当前 187/200
[14:38:15] 本页合计新增 10 条（其中 DOM 路径约 10 条）
[14:38:20] DOM主链路第21页，当前 197/200
[14:38:38] 本页合计新增 3 条（其中 DOM 路径约 3 条）
[14:38:42] DOM主链路累计 200 条
[14:38:42] 已输出: D:\homework\创新创业项目\weibo-collector\data\raw_中超联赛_20260518_143842.json
[14:38:42] 已输出样例: D:\homework\创新创业项目\weibo-collector\data\raw_sample.json
[14:38:42] clean_text 平均长度: 187.02
