[00:51:09] 已加载登录态: D:\homework\创新创业项目\weibo-collector\data\weibo_auth.json
[00:51:10] 开始采集: 中超
[00:51:10] 日期范围: 2026-04-19 至 2026-04-20
[00:51:10] 目标数量: 50
[00:51:10] 起始URL: https://s.weibo.com/weibo?q=中超&timescope=custom:2026-04-19-0:2026-04-20-23&page=1
[00:51:16] 📄 处理第 1 页，当前已收集: 0/50
[00:51:29] 使用选择器: [action-type="feed_list_item"]，找到 10 个元素
[00:51:31] 本页提取 10 条，总计 10
[00:51:31] 等待 1.9 秒...
[00:51:38] 📄 处理第 2 页，当前已收集: 10/50
[00:51:48] 使用选择器: [action-type="feed_list_item"]，找到 9 个元素
[00:51:50] 本页提取 6 条，总计 16
[00:51:50] 等待 1.1 秒...
[00:52:00] 📄 处理第 3 页，当前已收集: 16/50
[00:52:15] 使用选择器: [action-type="feed_list_item"]，找到 9 个元素
[00:52:16] 本页提取 9 条，总计 25
[00:52:16] 等待 1.4 秒...
[00:52:23] 📄 处理第 4 页，当前已收集: 25/50
[00:52:36] 使用选择器: [action-type="feed_list_item"]，找到 10 个元素
[00:52:36] 本页提取 7 条，总计 32
[00:52:36] 等待 1.1 秒...
[00:52:43] 📄 处理第 5 页，当前已收集: 32/50
[00:52:55] 使用选择器: [action-type="feed_list_item"]，找到 10 个元素
[00:52:56] 本页提取 9 条，总计 41
[00:52:56] 等待 2.0 秒...
[00:53:05] 📄 处理第 6 页，当前已收集: 41/50
[00:53:14] 使用选择器: [action-type="feed_list_item"]，找到 10 个元素
[00:53:14] 本页提取 8 条，总计 49
[00:53:14] 等待 2.3 秒...
[00:53:24] 📄 处理第 7 页，当前已收集: 49/50
[00:53:31] 使用选择器: [action-type="feed_list_item"]，找到 8 个元素
[00:53:32] 本页提取 8 条，总计 57
[00:53:32] 等待 1.4 秒...
[00:53:43] 结果已保存: D:\homework\创新创业项目\weibo-collector\data\中超_2026-04-19-2026-04-20_57条.json
