[20:09:40] 已加载登录态: E:\大三下\sitp\SITP-main-1\SITP-main\weibo-collector\data\weibo_auth.json
[20:09:45] DOM主链路第1页，当前 0/200
[20:09:58] 本页 DOM 提取 10 条
[20:10:02] DOM主链路第2页，当前 10/200
[20:10:19] 本页 DOM 提取 10 条
[20:11:28] DOM主链路第3页，当前 20/200
[20:11:41] 本页 DOM 提取 9 条
[20:11:44] DOM主链路第4页，当前 29/200
[20:11:58] 本页 DOM 提取 9 条
[20:12:02] DOM主链路第5页，当前 38/200
[20:12:19] 本页 DOM 提取 10 条
[20:12:22] DOM主链路第6页，当前 48/200
[20:12:36] 本页 DOM 提取 9 条
[20:12:39] DOM主链路第7页，当前 57/200
[20:12:53] 本页 DOM 提取 9 条
[20:12:57] DOM主链路第8页，当前 66/200
[20:13:11] 本页 DOM 提取 10 条
[20:13:15] DOM主链路第9页，当前 76/200
[20:13:34] 本页 DOM 提取 10 条
[20:13:39] DOM主链路第10页，当前 86/200
[20:13:52] 本页 DOM 提取 10 条
[20:13:57] DOM主链路第11页，当前 96/200
[20:14:08] 本页 DOM 提取 10 条
[20:14:12] DOM主链路第12页，当前 106/200
[20:14:25] 本页 DOM 提取 10 条
[20:14:28] DOM主链路第13页，当前 116/200
[20:14:38] 本页 DOM 提取 9 条
[20:14:42] DOM主链路第14页，当前 125/200
[20:14:50] 本页 DOM 提取 6 条
[20:14:54] DOM主链路第15页，当前 131/200
[20:15:06] 本页 DOM 提取 7 条
[20:15:11] DOM主链路第16页，当前 138/200
[20:15:27] 本页 DOM 提取 10 条
[20:15:30] DOM主链路第17页，当前 148/200
[20:15:44] 本页 DOM 提取 9 条
[20:15:49] DOM主链路第18页，当前 157/200
[20:15:56] 本页 DOM 提取 8 条
[20:16:00] DOM主链路第19页，当前 165/200
[20:16:10] 本页 DOM 提取 10 条
[20:16:15] DOM主链路第20页，当前 175/200
[20:16:29] 本页 DOM 提取 9 条
[20:16:32] DOM主链路第21页，当前 184/200
[20:16:48] 本页 DOM 提取 10 条
[20:16:54] DOM主链路第22页，当前 194/200
[20:17:07] 本页 DOM 提取 6 条
[20:17:10] DOM主链路累计 200 条
[20:17:10] 已输出: E:\大三下\sitp\SITP-main-1\SITP-main\weibo-collector\data\raw_中超_20260506_201710.json
[20:17:10] 已输出样例: E:\大三下\sitp\SITP-main-1\SITP-main\weibo-collector\data\raw_sample.json
[20:17:10] clean_text 平均长度: 364.61
